# JRE version: Java(TM) SE Runtime Environment (8.0_181-b13) (build 1.8.0_181-b13)
# Java VM: Java HotSpot(TM) 64-Bit Server VM (25.181-b13 mixed mode windows-amd64 compressed oops)
Heap:
 PSYoungGen      total 75776K, used 34995K [0x000000076b700000, 0x0000000772700000, 0x00000007c0000000)
  eden space 65024K, 44% used [0x000000076b700000,0x000000076d2f6d50,0x000000076f680000)
  from space 10752K, 59% used [0x000000076f680000,0x000000076fcb5f60,0x0000000770100000)
  to   space 11776K, 0% used [0x0000000771b80000,0x0000000771b80000,0x0000000772700000)
 ParOldGen       total 109568K, used 9784K [0x00000006c2400000, 0x00000006c8f00000, 0x000000076b700000)
  object space 109568K, 8% used [0x00000006c2400000,0x00000006c2d8e2e8,0x00000006c8f00000)
 Metaspace       used 25556K, capacity 26726K, committed 26880K, reserved 1075200K
  class space    used 3525K, capacity 3773K, committed 3840K, reserved 1048576K
GC Heap History (10 events):
Event: 1.576 GC heap before
{Heap before GC invocations=2 (full 0):
 PSYoungGen      total 75776K, used 74264K [0x000000076b700000, 0x0000000770b80000, 0x00000007c0000000)
  eden space 65024K, 100% used [0x000000076b700000,0x000000076f680000,0x000000076f680000)
  from space 10752K, 85% used [0x000000076f680000,0x000000076ff862a8,0x0000000770100000)
  to   space 10752K, 0% used [0x0000000770100000,0x0000000770100000,0x0000000770b80000)
 ParOldGen       total 173568K, used 16K [0x00000006c2400000, 0x00000006ccd80000, 0x000000076b700000)
  object space 173568K, 0% used [0x00000006c2400000,0x00000006c2404000,0x00000006ccd80000)
 Metaspace       used 15251K, capacity 15752K, committed 15872K, reserved 1062912K
  class space    used 2052K, capacity 2188K, committed 2304K, reserved 1048576K
Event: 1.583 GC heap after
Heap after GC invocations=2 (full 0):
 PSYoungGen      total 75776K, used 7339K [0x000000076b700000, 0x0000000770b80000, 0x00000007c0000000)
  eden space 65024K, 0% used [0x000000076b700000,0x000000076b700000,0x000000076f680000)
  from space 10752K, 68% used [0x0000000770100000,0x000000077082ad40,0x0000000770b80000)
  to   space 10752K, 0% used [0x000000076f680000,0x000000076f680000,0x0000000770100000)
 ParOldGen       total 173568K, used 24K [0x00000006c2400000, 0x00000006ccd80000, 0x000000076b700000)
  object space 173568K, 0% used [0x00000006c2400000,0x00000006c2406000,0x00000006ccd80000)
 Metaspace       used 15251K, capacity 15752K, committed 15872K, reserved 1062912K
  class space    used 2052K, capacity 2188K, committed 2304K, reserved 1048576K
}
Event: 1.982 GC heap before
{Heap before GC invocations=3 (full 0):
 PSYoungGen      total 75776K, used 60343K [0x000000076b700000, 0x0000000770b80000, 0x00000007c0000000)
  eden space 65024K, 81% used [0x000000076b700000,0x000000076eac3070,0x000000076f680000)
  from space 10752K, 68% used [0x0000000770100000,0x000000077082ad40,0x0000000770b80000)
  to   space 10752K, 0% used [0x000000076f680000,0x000000076f680000,0x0000000770100000)
 ParOldGen       total 173568K, used 24K [0x00000006c2400000, 0x00000006ccd80000, 0x000000076b700000)
  object space 173568K, 0% used [0x00000006c2400000,0x00000006c2406000,0x00000006ccd80000)
 Metaspace       used 20448K, capacity 21138K, committed 21248K, reserved 1067008K
  class space    used 2777K, capacity 2973K, committed 3072K, reserved 1048576K
Event: 1.988 GC heap after
Heap after GC invocations=3 (full 0):
 PSYoungGen      total 75776K, used 10204K [0x000000076b700000, 0x0000000770b80000, 0x00000007c0000000)
  eden space 65024K, 0% used [0x000000076b700000,0x000000076b700000,0x000000076f680000)
  from space 10752K, 94% used [0x000000076f680000,0x00000007700772f8,0x0000000770100000)
  to   space 10752K, 0% used [0x0000000770100000,0x0000000770100000,0x0000000770b80000)
 ParOldGen       total 173568K, used 32K [0x00000006c2400000, 0x00000006ccd80000, 0x000000076b700000)
  object space 173568K, 0% used [0x00000006c2400000,0x00000006c2408000,0x00000006ccd80000)
 Metaspace       used 20448K, capacity 21138K, committed 21248K, reserved 1067008K
  class space    used 2777K, capacity 2973K, committed 3072K, reserved 1048576K
}
Event: 1.988 GC heap before
{Heap before GC invocations=4 (full 1):
 PSYoungGen      total 75776K, used 10204K [0x000000076b700000, 0x0000000770b80000, 0x00000007c0000000)
  eden space 65024K, 0% used [0x000000076b700000,0x000000076b700000,0x000000076f680000)
  from space 10752K, 94% used [0x000000076f680000,0x00000007700772f8,0x0000000770100000)
  to   space 10752K, 0% used [0x0000000770100000,0x0000000770100000,0x0000000770b80000)
 ParOldGen       total 173568K, used 32K [0x00000006c2400000, 0x00000006ccd80000, 0x000000076b700000)
  object space 173568K, 0% used [0x00000006c2400000,0x00000006c2408000,0x00000006ccd80000)
 Metaspace       used 20448K, capacity 21138K, committed 21248K, reserved 1067008K
  class space    used 2777K, capacity 2973K, committed 3072K, reserved 1048576K
Event: 2.018 GC heap after
Heap after GC invocations=4 (full 1):
 PSYoungGen      total 75776K, used 0K [0x000000076b700000, 0x0000000770b80000, 0x00000007c0000000)
  eden space 65024K, 0% used [0x000000076b700000,0x000000076b700000,0x000000076f680000)
  from space 10752K, 0% used [0x000000076f680000,0x000000076f680000,0x0000000770100000)
  to   space 10752K, 0% used [0x0000000770100000,0x0000000770100000,0x0000000770b80000)
 ParOldGen       total 109568K, used 9784K [0x00000006c2400000, 0x00000006c8f00000, 0x000000076b700000)
  object space 109568K, 8% used [0x00000006c2400000,0x00000006c2d8e2e8,0x00000006c8f00000)
 Metaspace       used 20446K, capacity 21132K, committed 21248K, reserved 1067008K
  class space    used 2776K, capacity 2972K, committed 3072K, reserved 1048576K
}
Event: 2.746 GC heap before
{Heap before GC invocations=5 (full 1):
 PSYoungGen      total 75776K, used 65024K [0x000000076b700000, 0x0000000770b80000, 0x00000007c0000000)
  eden space 65024K, 100% used [0x000000076b700000,0x000000076f680000,0x000000076f680000)
  from space 10752K, 0% used [0x000000076f680000,0x000000076f680000,0x0000000770100000)
  to   space 10752K, 0% used [0x0000000770100000,0x0000000770100000,0x0000000770b80000)
 ParOldGen       total 109568K, used 9784K [0x00000006c2400000, 0x00000006c8f00000, 0x000000076b700000)
  object space 109568K, 8% used [0x00000006c2400000,0x00000006c2d8e2e8,0x00000006c8f00000)
 Metaspace       used 22868K, capacity 23848K, committed 23936K, reserved 1069056K
  class space    used 3129K, capacity 3380K, committed 3456K, reserved 1048576K
Event: 2.749 GC heap after
Heap after GC invocations=5 (full 1):
 PSYoungGen      total 75776K, used 4809K [0x000000076b700000, 0x0000000772680000, 0x00000007c0000000)
  eden space 65024K, 0% used [0x000000076b700000,0x000000076b700000,0x000000076f680000)
  from space 10752K, 44% used [0x0000000770100000,0x00000007705b2658,0x0000000770b80000)
  to   space 10752K, 0% used [0x000000076f680000,0x000000076f680000,0x0000000770100000)
 ParOldGen       total 109568K, used 9784K [0x00000006c2400000, 0x00000006c8f00000, 0x000000076b700000)
  object space 109568K, 8% used [0x00000006c2400000,0x00000006c2d8e2e8,0x00000006c8f00000)
 Metaspace       used 22868K, capacity 23848K, committed 23936K, reserved 1069056K
  class space    used 3129K, capacity 3380K, committed 3456K, reserved 1048576K
}
Event: 3.305 GC heap before
{Heap before GC invocations=6 (full 1):
 PSYoungGen      total 75776K, used 69833K [0x000000076b700000, 0x0000000772680000, 0x00000007c0000000)
  eden space 65024K, 100% used [0x000000076b700000,0x000000076f680000,0x000000076f680000)
  from space 10752K, 44% used [0x0000000770100000,0x00000007705b2658,0x0000000770b80000)
  to   space 10752K, 0% used [0x000000076f680000,0x000000076f680000,0x0000000770100000)
 ParOldGen       total 109568K, used 9784K [0x00000006c2400000, 0x00000006c8f00000, 0x000000076b700000)
  object space 109568K, 8% used [0x00000006c2400000,0x00000006c2d8e2e8,0x00000006c8f00000)
 Metaspace       used 24482K, capacity 25586K, committed 25728K, reserved 1071104K
  class space    used 3344K, capacity 3599K, committed 3712K, reserved 1048576K
Event: 3.309 GC heap after
Heap after GC invocations=6 (full 1):
 PSYoungGen      total 75776K, used 6359K [0x000000076b700000, 0x0000000772700000, 0x00000007c0000000)
  eden space 65024K, 0% used [0x000000076b700000,0x000000076b700000,0x000000076f680000)
  from space 10752K, 59% used [0x000000076f680000,0x000000076fcb5f60,0x0000000770100000)
  to   space 11776K, 0% used [0x0000000771b80000,0x0000000771b80000,0x0000000772700000)
 ParOldGen       total 109568K, used 9784K [0x00000006c2400000, 0x00000006c8f00000, 0x000000076b700000)
  object space 109568K, 8% used [0x00000006c2400000,0x00000006c2d8e2e8,0x00000006c8f00000)
 Metaspace       used 24482K, capacity 25586K, committed 25728K, reserved 1071104K
  class space    used 3344K, capacity 3599K, committed 3712K, reserved 1048576K
}

